Build started 26-04-2017 15:41:40.
     1>Project "C:\Users\Utilizador\Desktop\FEUP\PROG\Projeto 2\Projeto 2\Projeto 2.vcxproj" on node 2 (Build target(s)).
     1>ClCompile:
         C:\Program Files (x86)\Microsoft Visual Studio 14.0\VC\bin\CL.exe /c /ZI /nologo /W3 /WX- /sdl /Od /Oy- /D WIN32 /D _DEBUG /D _CONSOLE /D _UNICODE /D UNICODE /Gm /EHsc /RTC1 /MDd /GS /fp:precise /Zc:wchar_t /Zc:forScope /Zc:inline /Fo"Debug\\" /Fd"Debug\vc140.pdb" /Gd /TP /analyze- /errorReport:prompt Bus.cpp Company.cpp Driver.cpp Menus.cpp Shift.cpp condutores.cpp linhas.cpp main.cpp
         Shift.cpp
         Generating Code...
         Skipping... (no relevant changes detected)
         main.cpp
         linhas.cpp
         condutores.cpp
         Menus.cpp
         Driver.cpp
         Company.cpp
         Bus.cpp
       Link:
         C:\Program Files (x86)\Microsoft Visual Studio 14.0\VC\bin\link.exe /ERRORREPORT:PROMPT /OUT:"C:\Users\Utilizador\Desktop\FEUP\PROG\Projeto 2\Debug\Projeto 2.exe" /INCREMENTAL /NOLOGO kernel32.lib user32.lib gdi32.lib winspool.lib comdlg32.lib advapi32.lib shell32.lib ole32.lib oleaut32.lib uuid.lib odbc32.lib odbccp32.lib /MANIFEST /MANIFESTUAC:"level='asInvoker' uiAccess='false'" /manifest:embed /Debug /PDB:"C:\Users\Utilizador\Desktop\FEUP\PROG\Projeto 2\Debug\Projeto 2.pdb" /SUBSYSTEM:CONSOLE /TLBID:1 /DYNAMICBASE /NXCOMPAT /IMPLIB:"C:\Users\Utilizador\Desktop\FEUP\PROG\Projeto 2\Debug\Projeto 2.lib" /MACHINE:X86 Debug\Bus.obj
         Debug\Company.obj
         Debug\condutores.obj
         Debug\Driver.obj
         Debug\Line.obj
         Debug\linhas.obj
         Debug\main.obj
         Debug\Menus.obj
         Debug\Shift.obj
         Projeto 2.vcxproj -> C:\Users\Utilizador\Desktop\FEUP\PROG\Projeto 2\Debug\Projeto 2.exe
     1>Done Building Project "C:\Users\Utilizador\Desktop\FEUP\PROG\Projeto 2\Projeto 2\Projeto 2.vcxproj" (Build target(s)).

Build succeeded.

Time Elapsed 00:00:03.22
